<?xml version="1.0" encoding="UTF-8"?>
<!-- Generated by org.testng.reporters.JUnitXMLReporter -->
<testsuite hostname="LAPTOP-K5FPFD11" name="LandingPage" tests="6" failures="2" timestamp="17 Mar 2021 19:03:59 GMT" time="140.7" errors="0">
  <testcase name="LoginSalesOptimize" time="4.594" classname="com.salesoptimize.landingpage.LoginSalesOptimizeTest"/>
  <testcase name="SelectBusinessCountry" time="7.314" classname="com.salesoptimize.landingpage.SelectBusinessCountryTest"/>
  <testcase name="SelectIndustryRetailAndFashiClothing" time="5.269" classname="com.salesoptimize.landingpage.SelectIndustryRetailAndFashiClothingTest">
    <failure type="java.lang.AssertionError" message="Success expected [Retail] but found []">
      <![CDATA[java.lang.AssertionError: Success expected [Retail] but found []
	at com.salesoptimize.reusablemethods.ReusableMethodsDashboard.selectIndustryRetailAndFashiClothing(ReusableMethodsDashboard.java:59)
	at com.salesoptimize.landingpage.SelectIndustryRetailAndFashiClothingTest.SelectIndustryRetailAndFashiClothing(SelectIndustryRetailAndFashiClothingTest.java:16)
... Removed 30 stack frames]]>
    </failure>
  </testcase> <!-- SelectIndustryRetailAndFashiClothing -->
  <testcase name="SelectCompanyTurnover1AndAbove" time="10.733" classname="com.salesoptimize.landingpage.SelectCompanyTurnover1AndAboveTest"/>
  <testcase name="SearchButtonAndCaptureResult" time="4.474" classname="com.salesoptimize.landingpage.SearchButtonAndCaptureResultTest"/>
  <testcase name="FirstRecordCaptureDetail" time="100.11" classname="com.salesoptimize.landingpage.FirstRecordCaptureDetailTest">
    <failure type="java.lang.RuntimeException" message="org.openqa.selenium.NoSuchElementException: no such element: Unable to locate element: {&amp;quot;method&amp;quot;:&amp;quot;css selector&amp;quot;,&amp;quot;selector&amp;quot;:&amp;quot;#leadlink\-23220301&amp;quot;}
  (Session info: chrome=89.0.4389.82)
For documentation on this error, please visit: https://www.seleniumhq.org/exceptions/no_such_element.html
Build info: version: &amp;apos;3.141.59&amp;apos;, revision: &amp;apos;e82be7d358&amp;apos;, time: &amp;apos;2018-11-14T08:17:03&amp;apos;
System info: host: &amp;apos;LAPTOP-K5FPFD11&amp;apos;, ip: &amp;apos;192.168.1.35&amp;apos;, os.name: &amp;apos;Windows 10&amp;apos;, os.arch: &amp;apos;amd64&amp;apos;, os.version: &amp;apos;10.0&amp;apos;, java.version: &amp;apos;1.8.0_261&amp;apos;
Driver info: org.openqa.selenium.chrome.ChromeDriver
Capabilities {acceptInsecureCerts: false, browserName: chrome, browserVersion: 89.0.4389.82, chrome: {chromedriverVersion: 89.0.4389.23 (61b08ee2c5002..., userDataDir: C:\Users\SAURAV~1\AppData\L...}, goog:chromeOptions: {debuggerAddress: localhost:64155}, javascriptEnabled: true, networkConnectionEnabled: false, pageLoadStrategy: normal, platform: WINDOWS, platformName: WINDOWS, proxy: Proxy(), setWindowRect: true, strictFileInteractability: false, timeouts: {implicit: 0, pageLoad: 300000, script: 30000}, unhandledPromptBehavior: dismiss and notify, webauthn:extension:largeBlob: true, webauthn:virtualAuthenticators: true}
Session ID: 859bf140318c0c49fb579eb1c969115d
*** Element info: {Using=id, value=leadlink-23220301}">
      <![CDATA[java.lang.RuntimeException: org.openqa.selenium.NoSuchElementException: no such element: Unable to locate element: {"method":"css selector","selector":"#leadlink\-23220301"}
  (Session info: chrome=89.0.4389.82)
For documentation on this error, please visit: https://www.seleniumhq.org/exceptions/no_such_element.html
Build info: version: '3.141.59', revision: 'e82be7d358', time: '2018-11-14T08:17:03'
System info: host: 'LAPTOP-K5FPFD11', ip: '192.168.1.35', os.name: 'Windows 10', os.arch: 'amd64', os.version: '10.0', java.version: '1.8.0_261'
Driver info: org.openqa.selenium.chrome.ChromeDriver
Capabilities {acceptInsecureCerts: false, browserName: chrome, browserVersion: 89.0.4389.82, chrome: {chromedriverVersion: 89.0.4389.23 (61b08ee2c5002..., userDataDir: C:\Users\SAURAV~1\AppData\L...}, goog:chromeOptions: {debuggerAddress: localhost:64155}, javascriptEnabled: true, networkConnectionEnabled: false, pageLoadStrategy: normal, platform: WINDOWS, platformName: WINDOWS, proxy: Proxy(), setWindowRect: true, strictFileInteractability: false, timeouts: {implicit: 0, pageLoad: 300000, script: 30000}, unhandledPromptBehavior: dismiss and notify, webauthn:extension:largeBlob: true, webauthn:virtualAuthenticators: true}
Session ID: 859bf140318c0c49fb579eb1c969115d
*** Element info: {Using=id, value=leadlink-23220301}
	at com.salesoptimize.landingpage.FirstRecordCaptureDetailTest.FirstRecordCaptureDetail(FirstRecordCaptureDetailTest.java:20)
Caused by: org.openqa.selenium.NoSuchElementException: no such element: Unable to locate element: {"method":"css selector","selector":"#leadlink\-23220301"}
  (Session info: chrome=89.0.4389.82)
For documentation on this error, please visit: https://www.seleniumhq.org/exceptions/no_such_element.html
Build info: version: '3.141.59', revision: 'e82be7d358', time: '2018-11-14T08:17:03'
System info: host: 'LAPTOP-K5FPFD11', ip: '192.168.1.35', os.name: 'Windows 10', os.arch: 'amd64', os.version: '10.0', java.version: '1.8.0_261'
Driver info: org.openqa.selenium.chrome.ChromeDriver
Capabilities {acceptInsecureCerts: false, browserName: chrome, browserVersion: 89.0.4389.82, chrome: {chromedriverVersion: 89.0.4389.23 (61b08ee2c5002..., userDataDir: C:\Users\SAURAV~1\AppData\L...}, goog:chromeOptions: {debuggerAddress: localhost:64155}, javascriptEnabled: true, networkConnectionEnabled: false, pageLoadStrategy: normal, platform: WINDOWS, platformName: WINDOWS, proxy: Proxy(), setWindowRect: true, strictFileInteractability: false, timeouts: {implicit: 0, pageLoad: 300000, script: 30000}, unhandledPromptBehavior: dismiss and notify, webauthn:extension:largeBlob: true, webauthn:virtualAuthenticators: true}
Session ID: 859bf140318c0c49fb579eb1c969115d
*** Element info: {Using=id, value=leadlink-23220301}
	at org.openqa.selenium.remote.http.W3CHttpResponseCodec.createException(W3CHttpResponseCodec.java:187)
	at org.openqa.selenium.remote.http.W3CHttpResponseCodec.decode(W3CHttpResponseCodec.java:122)
	at org.openqa.selenium.remote.http.W3CHttpResponseCodec.decode(W3CHttpResponseCodec.java:49)
	at org.openqa.selenium.remote.HttpCommandExecutor.execute(HttpCommandExecutor.java:158)
	at org.openqa.selenium.remote.service.DriverCommandExecutor.execute(DriverCommandExecutor.java:83)
	at org.openqa.selenium.remote.RemoteWebDriver.execute(RemoteWebDriver.java:552)
	at org.openqa.selenium.remote.RemoteWebDriver.findElement(RemoteWebDriver.java:323)
	at org.openqa.selenium.remote.RemoteWebDriver.findElementById(RemoteWebDriver.java:372)
	at org.openqa.selenium.By$ById.findElement(By.java:188)
	at org.openqa.selenium.remote.RemoteWebDriver.findElement(RemoteWebDriver.java:315)
	at com.salesoptimize.utility.CommonMethod.findElement(CommonMethod.java:73)
	at com.salesoptimize.utility.CommonMethod.elementToBeClickable(CommonMethod.java:862)
	at com.salesoptimize.reusablemethods.ReusableMethodsDashboard.firstRecordCaptureDetail(ReusableMethodsDashboard.java:99)
	at com.salesoptimize.landingpage.FirstRecordCaptureDetailTest.FirstRecordCaptureDetail(FirstRecordCaptureDetailTest.java:16)
	... 25 more
... Removed 29 stack frames]]>
    </failure>
  </testcase> <!-- FirstRecordCaptureDetail -->
</testsuite> <!-- LandingPage -->
